<?xml version="1.0" encoding="UTF-8"?>
<!-- Generated by org.testng.reporters.JUnitReportReporter -->
<testsuite hostname="DESKTOP-TJ54SM3" failures="0" tests="1" name="Test.logintest" time="7.151" errors="0" timestamp="2025-08-01T13:34:51 IST" skipped="0">
  <testcase classname="Test.logintest" name="TestLogin" time="7.151"/>
</testsuite> <!-- Test.logintest -->
